DEBUG:	[2008-12-13 16:21:53]	Initializing 'core' ...
DEBUG:	[2008-12-13 16:21:53]	Initializing 'custom gems' ...
DEBUG:	[2008-12-13 16:21:55]	Mack root: /Users/afernasa/af/monstersofruby/dracula
DEBUG:	[2008-12-13 16:21:55]	Mack version: 0.8.2
DEBUG:	[2008-12-13 16:21:55]	Starting application in development mode.
DEBUG:	[2008-12-13 16:21:55]	Initializing 'plugins' ...
DEBUG:	[2008-12-13 16:21:55]	Initializing 'lib' ...
DEBUG:	[2008-12-13 16:21:55]	Initializing 'initializers' ...
DEBUG:	[2008-12-13 16:21:55]	Initializing 'routes' ...
DEBUG:	[2008-12-13 16:21:55]	Initializing 'application' ...
DEBUG:	[2008-12-13 16:21:55]	Initializing 'helpers' ...
DEBUG:	[2008-12-13 16:21:56]	Initializing 'custom gem Rake tasks' ...
 INFO:	[2008-12-13 16:22:02]	
	[GET] '/'
	Session ID: jwp3wcydpeeq6ljr63jlhxrmr876pnd78h4na43n
	Parameters: {:method=>:get, :format=>"html", :action=>:index, :controller=>:default}
[35m	Completed in 0.110516 (9 reqs/sec) | 200 (OK) [http://localhost:3000][0m
 INFO:	[2008-12-13 16:45:02]	
	[GET] '/'
	Session ID: jwp3wcydpeeq6ljr63jlhxrmr876pnd78h4na43n
	Parameters: {:method=>:get, :format=>"html", :action=>:index, :controller=>:default}
[35m	Completed in 0.076673 (13 reqs/sec) | 200 (OK) [http://localhost:3000][0m
DEBUG:	[2008-12-13 17:14:20]	Mack::Reloader: reloaded `/Users/afernasa/af/monstersofruby/dracula/config/configatron/default.rb'
 INFO:	[2008-12-13 17:14:20]	
	[GET] '/'
	Session ID: jwp3wcydpeeq6ljr63jlhxrmr876pnd78h4na43n
	Parameters: {:method=>:get, :format=>"html", :action=>:index, :controller=>:default}
[35m	Completed in 0.011087 (90 reqs/sec) | 200 (OK) [http://localhost:3000][0m
ERROR:	[2008-12-13 17:14:58]	<Mack::Errors::ResourceNotFound> /Users/afernasa/af/monstersofruby/dracula/app/views/default/index.html.*
	/opt/local/lib/ruby/gems/1.8/gems/mack-0.8.2/lib/mack/rendering/type/file_base.rb:23:in `render_file'
	/opt/local/lib/ruby/gems/1.8/gems/mack-0.8.2/lib/mack/rendering/type/action.rb:32:in `render'
	/opt/local/lib/ruby/gems/1.8/gems/mack-0.8.2/lib/mack/rendering/view_template.rb:143:in `_render_view'
	/opt/local/lib/ruby/gems/1.8/gems/mack-0.8.2/lib/mack/rendering/view_template.rb:106:in `_compile_and_render'
	/opt/local/lib/ruby/gems/1.8/gems/mack-0.8.2/lib/mack/controller/controller.rb:275:in `do_render'
	/opt/local/lib/ruby/gems/1.8/gems/mack-0.8.2/lib/mack/controller/controller.rb:67:in `run'
	/opt/local/lib/ruby/gems/1.8/gems/mack-0.8.2/lib/mack/application.rb:95:in `run_controller'
	/opt/local/lib/ruby/gems/1.8/gems/mack-0.8.2/lib/mack/application.rb:78:in `catch'
	/opt/local/lib/ruby/gems/1.8/gems/mack-0.8.2/lib/mack/application.rb:78:in `run_controller'
	/opt/local/lib/ruby/gems/1.8/gems/mack-0.8.2/lib/mack/application.rb:31:in `call'
	/opt/local/lib/ruby/gems/1.8/gems/mack-0.8.2/lib/mack/runner.rb:7:in `call'
	/opt/local/lib/ruby/gems/1.8/gems/mack-0.8.2/lib/mack/utils/static.rb:14:in `call'
	/opt/local/lib/ruby/gems/1.8/gems/mack-0.8.2/lib/mack/utils/content_length_handler.rb:21:in `call'
	/opt/local/lib/ruby/gems/1.8/gems/mack-0.8.2/lib/gems/rack-0.4.0/lib/rack/lint.rb:45:in `_call'
	/opt/local/lib/ruby/gems/1.8/gems/mack-0.8.2/lib/gems/rack-0.4.0/lib/rack/lint.rb:33:in `call'
	/opt/local/lib/ruby/gems/1.8/gems/mack-0.8.2/lib/gems/rack-0.4.0/lib/rack/showstatus.rb:20:in `call'
	/opt/local/lib/ruby/gems/1.8/gems/mack-0.8.2/lib/gems/rack-0.4.0/lib/rack/showexceptions.rb:23:in `call'
	/opt/local/lib/ruby/gems/1.8/gems/mack-0.8.2/lib/gems/rack-0.4.0/lib/rack/recursive.rb:39:in `call'
	/opt/local/lib/ruby/gems/1.8/gems/mack-0.8.2/lib/mack/utils/reloader.rb:21:in `call'
	/opt/local/lib/ruby/gems/1.8/gems/thin-1.0.0/lib/thin/connection.rb:63:in `pre_process'
	/opt/local/lib/ruby/gems/1.8/gems/thin-1.0.0/lib/thin/connection.rb:54:in `process'
	/opt/local/lib/ruby/gems/1.8/gems/thin-1.0.0/lib/thin/connection.rb:39:in `receive_data'
	/opt/local/lib/ruby/gems/1.8/gems/eventmachine-0.12.2/lib/eventmachine.rb:231:in `run_machine'
	/opt/local/lib/ruby/gems/1.8/gems/eventmachine-0.12.2/lib/eventmachine.rb:231:in `run'
	/opt/local/lib/ruby/gems/1.8/gems/thin-1.0.0/lib/thin/backends/base.rb:57:in `start'
	/opt/local/lib/ruby/gems/1.8/gems/thin-1.0.0/lib/thin/server.rb:150:in `start'
	/opt/local/lib/ruby/gems/1.8/gems/thin-1.0.0/lib/thin/controllers/controller.rb:80:in `start'
	/opt/local/lib/ruby/gems/1.8/gems/thin-1.0.0/lib/thin/runner.rb:173:in `send'
	/opt/local/lib/ruby/gems/1.8/gems/thin-1.0.0/lib/thin/runner.rb:173:in `run_command'
	/opt/local/lib/ruby/gems/1.8/gems/thin-1.0.0/lib/thin/runner.rb:139:in `run!'
	/opt/local/lib/ruby/gems/1.8/gems/mack-0.8.2/bin/mackery-server:49
	/opt/local/bin/mackery-server:19:in `load'
	/opt/local/bin/mackery-server:19
 INFO:	[2008-12-13 17:14:58]	
	[GET] '/'
	Session ID: jwp3wcydpeeq6ljr63jlhxrmr876pnd78h4na43n
	Parameters: {:method=>:get, :format=>"html", :action=>:index, :controller=>:default}
[35m	Completed in 0.014542 (69 reqs/sec) | 404 (Not Found) [http://localhost:3000][0m
DEBUG:	[2008-12-13 17:15:29]	Mack::Reloader: reloaded `/Users/afernasa/af/monstersofruby/dracula/app/controllers/default_controller.rb'
ERROR:	[2008-12-13 17:15:29]	<SyntaxError> (eval):1:in `_find_render_type': compile error
(eval):1: syntax error, unexpected $end
Mack::Rendering::Type::Texttext To Render...
                                            ^
	/opt/local/lib/ruby/gems/1.8/gems/mack-0.8.2/lib/mack/rendering/view_template.rb:161:in `_find_render_type'
	/opt/local/lib/ruby/gems/1.8/gems/mack-0.8.2/lib/mack/rendering/view_template.rb:142:in `eval'
	/opt/local/lib/ruby/gems/1.8/gems/mack-0.8.2/lib/mack/rendering/view_template.rb:161:in `_find_render_type'
	/opt/local/lib/ruby/gems/1.8/gems/mack-0.8.2/lib/mack/rendering/view_template.rb:142:in `_render_view'
	/opt/local/lib/ruby/gems/1.8/gems/mack-0.8.2/lib/mack/rendering/view_template.rb:106:in `_compile_and_render'
	/opt/local/lib/ruby/gems/1.8/gems/mack-0.8.2/lib/mack/controller/controller.rb:275:in `do_render'
	/opt/local/lib/ruby/gems/1.8/gems/mack-0.8.2/lib/mack/controller/controller.rb:67:in `run'
	/opt/local/lib/ruby/gems/1.8/gems/mack-0.8.2/lib/mack/application.rb:95:in `run_controller'
	/opt/local/lib/ruby/gems/1.8/gems/mack-0.8.2/lib/mack/application.rb:78:in `catch'
	/opt/local/lib/ruby/gems/1.8/gems/mack-0.8.2/lib/mack/application.rb:78:in `run_controller'
	/opt/local/lib/ruby/gems/1.8/gems/mack-0.8.2/lib/mack/application.rb:31:in `call'
	/opt/local/lib/ruby/gems/1.8/gems/mack-0.8.2/lib/mack/runner.rb:7:in `call'
	/opt/local/lib/ruby/gems/1.8/gems/mack-0.8.2/lib/mack/utils/static.rb:14:in `call'
	/opt/local/lib/ruby/gems/1.8/gems/mack-0.8.2/lib/mack/utils/content_length_handler.rb:21:in `call'
	/opt/local/lib/ruby/gems/1.8/gems/mack-0.8.2/lib/gems/rack-0.4.0/lib/rack/lint.rb:45:in `_call'
	/opt/local/lib/ruby/gems/1.8/gems/mack-0.8.2/lib/gems/rack-0.4.0/lib/rack/lint.rb:33:in `call'
	/opt/local/lib/ruby/gems/1.8/gems/mack-0.8.2/lib/gems/rack-0.4.0/lib/rack/showstatus.rb:20:in `call'
	/opt/local/lib/ruby/gems/1.8/gems/mack-0.8.2/lib/gems/rack-0.4.0/lib/rack/showexceptions.rb:23:in `call'
	/opt/local/lib/ruby/gems/1.8/gems/mack-0.8.2/lib/gems/rack-0.4.0/lib/rack/recursive.rb:39:in `call'
	/opt/local/lib/ruby/gems/1.8/gems/mack-0.8.2/lib/mack/utils/reloader.rb:21:in `call'
	/opt/local/lib/ruby/gems/1.8/gems/thin-1.0.0/lib/thin/connection.rb:63:in `pre_process'
	/opt/local/lib/ruby/gems/1.8/gems/thin-1.0.0/lib/thin/connection.rb:54:in `process'
	/opt/local/lib/ruby/gems/1.8/gems/thin-1.0.0/lib/thin/connection.rb:39:in `receive_data'
	/opt/local/lib/ruby/gems/1.8/gems/eventmachine-0.12.2/lib/eventmachine.rb:231:in `run_machine'
	/opt/local/lib/ruby/gems/1.8/gems/eventmachine-0.12.2/lib/eventmachine.rb:231:in `run'
	/opt/local/lib/ruby/gems/1.8/gems/thin-1.0.0/lib/thin/backends/base.rb:57:in `start'
	/opt/local/lib/ruby/gems/1.8/gems/thin-1.0.0/lib/thin/server.rb:150:in `start'
	/opt/local/lib/ruby/gems/1.8/gems/thin-1.0.0/lib/thin/controllers/controller.rb:80:in `start'
	/opt/local/lib/ruby/gems/1.8/gems/thin-1.0.0/lib/thin/runner.rb:173:in `send'
	/opt/local/lib/ruby/gems/1.8/gems/thin-1.0.0/lib/thin/runner.rb:173:in `run_command'
	/opt/local/lib/ruby/gems/1.8/gems/thin-1.0.0/lib/thin/runner.rb:139:in `run!'
	/opt/local/lib/ruby/gems/1.8/gems/mack-0.8.2/bin/mackery-server:49
	/opt/local/bin/mackery-server:19:in `load'
	/opt/local/bin/mackery-server:19
 INFO:	[2008-12-13 17:15:29]	
	[GET] '/'
	Session ID: jwp3wcydpeeq6ljr63jlhxrmr876pnd78h4na43n
	Parameters: {:method=>:get, :format=>"html", :action=>:index, :controller=>:default}
[35m	Completed in 0.006189 (162 reqs/sec) | 500 (Internal Server Error) [http://localhost:3000][0m
DEBUG:	[2008-12-13 17:15:45]	Mack::Reloader: reloaded `/Users/afernasa/af/monstersofruby/dracula/app/controllers/default_controller.rb'
ERROR:	[2008-12-13 17:15:45]	<Mack::Errors::ResourceNotFound> /Users/afernasa/af/monstersofruby/dracula/app/views/default/index.html.*
	/opt/local/lib/ruby/gems/1.8/gems/mack-0.8.2/lib/mack/rendering/type/file_base.rb:23:in `render_file'
	/opt/local/lib/ruby/gems/1.8/gems/mack-0.8.2/lib/mack/rendering/type/action.rb:32:in `render'
	/opt/local/lib/ruby/gems/1.8/gems/mack-0.8.2/lib/mack/rendering/view_template.rb:143:in `_render_view'
	/opt/local/lib/ruby/gems/1.8/gems/mack-0.8.2/lib/mack/rendering/view_template.rb:106:in `_compile_and_render'
	/opt/local/lib/ruby/gems/1.8/gems/mack-0.8.2/lib/mack/controller/controller.rb:275:in `do_render'
	/opt/local/lib/ruby/gems/1.8/gems/mack-0.8.2/lib/mack/controller/controller.rb:67:in `run'
	/opt/local/lib/ruby/gems/1.8/gems/mack-0.8.2/lib/mack/application.rb:95:in `run_controller'
	/opt/local/lib/ruby/gems/1.8/gems/mack-0.8.2/lib/mack/application.rb:78:in `catch'
	/opt/local/lib/ruby/gems/1.8/gems/mack-0.8.2/lib/mack/application.rb:78:in `run_controller'
	/opt/local/lib/ruby/gems/1.8/gems/mack-0.8.2/lib/mack/application.rb:31:in `call'
	/opt/local/lib/ruby/gems/1.8/gems/mack-0.8.2/lib/mack/runner.rb:7:in `call'
	/opt/local/lib/ruby/gems/1.8/gems/mack-0.8.2/lib/mack/utils/static.rb:14:in `call'
	/opt/local/lib/ruby/gems/1.8/gems/mack-0.8.2/lib/mack/utils/content_length_handler.rb:21:in `call'
	/opt/local/lib/ruby/gems/1.8/gems/mack-0.8.2/lib/gems/rack-0.4.0/lib/rack/lint.rb:45:in `_call'
	/opt/local/lib/ruby/gems/1.8/gems/mack-0.8.2/lib/gems/rack-0.4.0/lib/rack/lint.rb:33:in `call'
	/opt/local/lib/ruby/gems/1.8/gems/mack-0.8.2/lib/gems/rack-0.4.0/lib/rack/showstatus.rb:20:in `call'
	/opt/local/lib/ruby/gems/1.8/gems/mack-0.8.2/lib/gems/rack-0.4.0/lib/rack/showexceptions.rb:23:in `call'
	/opt/local/lib/ruby/gems/1.8/gems/mack-0.8.2/lib/gems/rack-0.4.0/lib/rack/recursive.rb:39:in `call'
	/opt/local/lib/ruby/gems/1.8/gems/mack-0.8.2/lib/mack/utils/reloader.rb:21:in `call'
	/opt/local/lib/ruby/gems/1.8/gems/thin-1.0.0/lib/thin/connection.rb:63:in `pre_process'
	/opt/local/lib/ruby/gems/1.8/gems/thin-1.0.0/lib/thin/connection.rb:54:in `process'
	/opt/local/lib/ruby/gems/1.8/gems/thin-1.0.0/lib/thin/connection.rb:39:in `receive_data'
	/opt/local/lib/ruby/gems/1.8/gems/eventmachine-0.12.2/lib/eventmachine.rb:231:in `run_machine'
	/opt/local/lib/ruby/gems/1.8/gems/eventmachine-0.12.2/lib/eventmachine.rb:231:in `run'
	/opt/local/lib/ruby/gems/1.8/gems/thin-1.0.0/lib/thin/backends/base.rb:57:in `start'
	/opt/local/lib/ruby/gems/1.8/gems/thin-1.0.0/lib/thin/server.rb:150:in `start'
	/opt/local/lib/ruby/gems/1.8/gems/thin-1.0.0/lib/thin/controllers/controller.rb:80:in `start'
	/opt/local/lib/ruby/gems/1.8/gems/thin-1.0.0/lib/thin/runner.rb:173:in `send'
	/opt/local/lib/ruby/gems/1.8/gems/thin-1.0.0/lib/thin/runner.rb:173:in `run_command'
	/opt/local/lib/ruby/gems/1.8/gems/thin-1.0.0/lib/thin/runner.rb:139:in `run!'
	/opt/local/lib/ruby/gems/1.8/gems/mack-0.8.2/bin/mackery-server:49
	/opt/local/bin/mackery-server:19:in `load'
	/opt/local/bin/mackery-server:19
 INFO:	[2008-12-13 17:15:45]	
	[GET] '/'
	Session ID: jwp3wcydpeeq6ljr63jlhxrmr876pnd78h4na43n
	Parameters: {:method=>:get, :format=>"html", :action=>:index, :controller=>:default}
[35m	Completed in 0.012032 (83 reqs/sec) | 404 (Not Found) [http://localhost:3000][0m
ERROR:	[2008-12-13 17:48:21]	<Mack::Errors::ResourceNotFound> /Users/afernasa/af/monstersofruby/dracula/app/views/default/index.html.*
	/opt/local/lib/ruby/gems/1.8/gems/mack-0.8.2/lib/mack/rendering/type/file_base.rb:23:in `render_file'
	/opt/local/lib/ruby/gems/1.8/gems/mack-0.8.2/lib/mack/rendering/type/action.rb:32:in `render'
	/opt/local/lib/ruby/gems/1.8/gems/mack-0.8.2/lib/mack/rendering/view_template.rb:143:in `_render_view'
	/opt/local/lib/ruby/gems/1.8/gems/mack-0.8.2/lib/mack/rendering/view_template.rb:106:in `_compile_and_render'
	/opt/local/lib/ruby/gems/1.8/gems/mack-0.8.2/lib/mack/controller/controller.rb:275:in `do_render'
	/opt/local/lib/ruby/gems/1.8/gems/mack-0.8.2/lib/mack/controller/controller.rb:67:in `run'
	/opt/local/lib/ruby/gems/1.8/gems/mack-0.8.2/lib/mack/application.rb:95:in `run_controller'
	/opt/local/lib/ruby/gems/1.8/gems/mack-0.8.2/lib/mack/application.rb:78:in `catch'
	/opt/local/lib/ruby/gems/1.8/gems/mack-0.8.2/lib/mack/application.rb:78:in `run_controller'
	/opt/local/lib/ruby/gems/1.8/gems/mack-0.8.2/lib/mack/application.rb:31:in `call'
	/opt/local/lib/ruby/gems/1.8/gems/mack-0.8.2/lib/mack/runner.rb:7:in `call'
	/opt/local/lib/ruby/gems/1.8/gems/mack-0.8.2/lib/mack/utils/static.rb:14:in `call'
	/opt/local/lib/ruby/gems/1.8/gems/mack-0.8.2/lib/mack/utils/content_length_handler.rb:21:in `call'
	/opt/local/lib/ruby/gems/1.8/gems/mack-0.8.2/lib/gems/rack-0.4.0/lib/rack/lint.rb:45:in `_call'
	/opt/local/lib/ruby/gems/1.8/gems/mack-0.8.2/lib/gems/rack-0.4.0/lib/rack/lint.rb:33:in `call'
	/opt/local/lib/ruby/gems/1.8/gems/mack-0.8.2/lib/gems/rack-0.4.0/lib/rack/showstatus.rb:20:in `call'
	/opt/local/lib/ruby/gems/1.8/gems/mack-0.8.2/lib/gems/rack-0.4.0/lib/rack/showexceptions.rb:23:in `call'
	/opt/local/lib/ruby/gems/1.8/gems/mack-0.8.2/lib/gems/rack-0.4.0/lib/rack/recursive.rb:39:in `call'
	/opt/local/lib/ruby/gems/1.8/gems/mack-0.8.2/lib/mack/utils/reloader.rb:21:in `call'
	/opt/local/lib/ruby/gems/1.8/gems/thin-1.0.0/lib/thin/connection.rb:63:in `pre_process'
	/opt/local/lib/ruby/gems/1.8/gems/thin-1.0.0/lib/thin/connection.rb:54:in `process'
	/opt/local/lib/ruby/gems/1.8/gems/thin-1.0.0/lib/thin/connection.rb:39:in `receive_data'
	/opt/local/lib/ruby/gems/1.8/gems/eventmachine-0.12.2/lib/eventmachine.rb:231:in `run_machine'
	/opt/local/lib/ruby/gems/1.8/gems/eventmachine-0.12.2/lib/eventmachine.rb:231:in `run'
	/opt/local/lib/ruby/gems/1.8/gems/thin-1.0.0/lib/thin/backends/base.rb:57:in `start'
	/opt/local/lib/ruby/gems/1.8/gems/thin-1.0.0/lib/thin/server.rb:150:in `start'
	/opt/local/lib/ruby/gems/1.8/gems/thin-1.0.0/lib/thin/controllers/controller.rb:80:in `start'
	/opt/local/lib/ruby/gems/1.8/gems/thin-1.0.0/lib/thin/runner.rb:173:in `send'
	/opt/local/lib/ruby/gems/1.8/gems/thin-1.0.0/lib/thin/runner.rb:173:in `run_command'
	/opt/local/lib/ruby/gems/1.8/gems/thin-1.0.0/lib/thin/runner.rb:139:in `run!'
	/opt/local/lib/ruby/gems/1.8/gems/mack-0.8.2/bin/mackery-server:49
	/opt/local/bin/mackery-server:19:in `load'
	/opt/local/bin/mackery-server:19
 INFO:	[2008-12-13 17:48:21]	
	[GET] '/'
	Session ID: jwp3wcydpeeq6ljr63jlhxrmr876pnd78h4na43n
	Parameters: {:method=>:get, :format=>"html", :action=>:index, :controller=>:default}
[35m	Completed in 0.01214 (82 reqs/sec) | 404 (Not Found) [http://localhost:3000][0m
DEBUG:	[2008-12-13 17:54:13]	Initializing 'custom gem Rake tasks' ...
DEBUG:	[2008-12-13 17:54:32]	Initializing 'custom gem Rake tasks' ...
DEBUG:	[2008-12-13 17:54:34]	Initializing 'core' ...
DEBUG:	[2008-12-13 17:54:35]	Initializing 'custom gems' ...
DEBUG:	[2008-12-13 17:54:37]	Mack root: /Users/afernasa/af/monstersofruby/dracula
DEBUG:	[2008-12-13 17:54:37]	Mack version: 0.8.2
DEBUG:	[2008-12-13 17:54:37]	Starting application in development mode.
DEBUG:	[2008-12-13 17:54:37]	Initializing 'plugins' ...
DEBUG:	[2008-12-13 17:54:37]	Initializing 'lib' ...
DEBUG:	[2008-12-13 17:54:37]	Initializing 'initializers' ...
DEBUG:	[2008-12-13 17:54:37]	Initializing 'routes' ...
DEBUG:	[2008-12-13 17:54:37]	Initializing 'application' ...
DEBUG:	[2008-12-13 17:54:37]	Initializing 'helpers' ...
DEBUG:	[2008-12-13 17:58:10]	Mack::Reloader: reloaded `/Users/afernasa/af/monstersofruby/dracula/config/configatron/default.rb'
ERROR:	[2008-12-13 17:58:10]	<Mack::Errors::ResourceNotFound> /Users/afernasa/af/monstersofruby/dracula/app/views/default/index.html.*
	/opt/local/lib/ruby/gems/1.8/gems/mack-0.8.2/lib/mack/rendering/type/file_base.rb:23:in `render_file'
	/opt/local/lib/ruby/gems/1.8/gems/mack-0.8.2/lib/mack/rendering/type/action.rb:32:in `render'
	/opt/local/lib/ruby/gems/1.8/gems/mack-0.8.2/lib/mack/rendering/view_template.rb:143:in `_render_view'
	/opt/local/lib/ruby/gems/1.8/gems/mack-0.8.2/lib/mack/rendering/view_template.rb:106:in `_compile_and_render'
	/opt/local/lib/ruby/gems/1.8/gems/mack-0.8.2/lib/mack/controller/controller.rb:275:in `do_render'
	/opt/local/lib/ruby/gems/1.8/gems/mack-0.8.2/lib/mack/controller/controller.rb:67:in `run'
	/opt/local/lib/ruby/gems/1.8/gems/mack-0.8.2/lib/mack/application.rb:95:in `run_controller'
	/opt/local/lib/ruby/gems/1.8/gems/mack-0.8.2/lib/mack/application.rb:78:in `catch'
	/opt/local/lib/ruby/gems/1.8/gems/mack-0.8.2/lib/mack/application.rb:78:in `run_controller'
	/opt/local/lib/ruby/gems/1.8/gems/mack-0.8.2/lib/mack/application.rb:31:in `call'
	/opt/local/lib/ruby/gems/1.8/gems/mack-0.8.2/lib/mack/runner.rb:7:in `call'
	/opt/local/lib/ruby/gems/1.8/gems/mack-0.8.2/lib/mack/utils/static.rb:14:in `call'
	/opt/local/lib/ruby/gems/1.8/gems/mack-0.8.2/lib/mack/utils/content_length_handler.rb:21:in `call'
	/opt/local/lib/ruby/gems/1.8/gems/mack-0.8.2/lib/gems/rack-0.4.0/lib/rack/lint.rb:45:in `_call'
	/opt/local/lib/ruby/gems/1.8/gems/mack-0.8.2/lib/gems/rack-0.4.0/lib/rack/lint.rb:33:in `call'
	/opt/local/lib/ruby/gems/1.8/gems/mack-0.8.2/lib/gems/rack-0.4.0/lib/rack/showstatus.rb:20:in `call'
	/opt/local/lib/ruby/gems/1.8/gems/mack-0.8.2/lib/gems/rack-0.4.0/lib/rack/showexceptions.rb:23:in `call'
	/opt/local/lib/ruby/gems/1.8/gems/mack-0.8.2/lib/gems/rack-0.4.0/lib/rack/recursive.rb:39:in `call'
	/opt/local/lib/ruby/gems/1.8/gems/mack-0.8.2/lib/mack/utils/reloader.rb:21:in `call'
	/opt/local/lib/ruby/gems/1.8/gems/thin-1.0.0/lib/thin/connection.rb:63:in `pre_process'
	/opt/local/lib/ruby/gems/1.8/gems/thin-1.0.0/lib/thin/connection.rb:54:in `process'
	/opt/local/lib/ruby/gems/1.8/gems/thin-1.0.0/lib/thin/connection.rb:39:in `receive_data'
	/opt/local/lib/ruby/gems/1.8/gems/eventmachine-0.12.2/lib/eventmachine.rb:231:in `run_machine'
	/opt/local/lib/ruby/gems/1.8/gems/eventmachine-0.12.2/lib/eventmachine.rb:231:in `run'
	/opt/local/lib/ruby/gems/1.8/gems/thin-1.0.0/lib/thin/backends/base.rb:57:in `start'
	/opt/local/lib/ruby/gems/1.8/gems/thin-1.0.0/lib/thin/server.rb:150:in `start'
	/opt/local/lib/ruby/gems/1.8/gems/thin-1.0.0/lib/thin/controllers/controller.rb:80:in `start'
	/opt/local/lib/ruby/gems/1.8/gems/thin-1.0.0/lib/thin/runner.rb:173:in `send'
	/opt/local/lib/ruby/gems/1.8/gems/thin-1.0.0/lib/thin/runner.rb:173:in `run_command'
	/opt/local/lib/ruby/gems/1.8/gems/thin-1.0.0/lib/thin/runner.rb:139:in `run!'
	/opt/local/lib/ruby/gems/1.8/gems/mack-0.8.2/bin/mackery-server:49
	/opt/local/bin/mackery-server:19:in `load'
	/opt/local/bin/mackery-server:19
 INFO:	[2008-12-13 17:58:10]	
	[GET] '/'
	Session ID: jwp3wcydpeeq6ljr63jlhxrmr876pnd78h4na43n
	Parameters: {:method=>:get, :format=>"html", :action=>:index, :controller=>:default}
[35m	Completed in 0.009223 (108 reqs/sec) | 404 (Not Found) [http://localhost:3000][0m
DEBUG:	[2008-12-13 18:08:54]	Mack::Reloader: reloaded `/Users/afernasa/af/monstersofruby/dracula/config/routes.rb'
DEBUG:	[2008-12-13 18:08:54]	Mack::Reloader: reloaded `/Users/afernasa/af/monstersofruby/dracula/config/configatron/default.rb'
ERROR:	[2008-12-13 18:08:54]	<Mack::Errors::ResourceNotFound> /Users/afernasa/af/monstersofruby/dracula/app/views/default/index.html.*
	/opt/local/lib/ruby/gems/1.8/gems/mack-0.8.2/lib/mack/rendering/type/file_base.rb:23:in `render_file'
	/opt/local/lib/ruby/gems/1.8/gems/mack-0.8.2/lib/mack/rendering/type/action.rb:32:in `render'
	/opt/local/lib/ruby/gems/1.8/gems/mack-0.8.2/lib/mack/rendering/view_template.rb:143:in `_render_view'
	/opt/local/lib/ruby/gems/1.8/gems/mack-0.8.2/lib/mack/rendering/view_template.rb:106:in `_compile_and_render'
	/opt/local/lib/ruby/gems/1.8/gems/mack-0.8.2/lib/mack/controller/controller.rb:275:in `do_render'
	/opt/local/lib/ruby/gems/1.8/gems/mack-0.8.2/lib/mack/controller/controller.rb:67:in `run'
	/opt/local/lib/ruby/gems/1.8/gems/mack-0.8.2/lib/mack/application.rb:95:in `run_controller'
	/opt/local/lib/ruby/gems/1.8/gems/mack-0.8.2/lib/mack/application.rb:78:in `catch'
	/opt/local/lib/ruby/gems/1.8/gems/mack-0.8.2/lib/mack/application.rb:78:in `run_controller'
	/opt/local/lib/ruby/gems/1.8/gems/mack-0.8.2/lib/mack/application.rb:31:in `call'
	/opt/local/lib/ruby/gems/1.8/gems/mack-0.8.2/lib/mack/runner.rb:7:in `call'
	/opt/local/lib/ruby/gems/1.8/gems/mack-0.8.2/lib/mack/utils/static.rb:14:in `call'
	/opt/local/lib/ruby/gems/1.8/gems/mack-0.8.2/lib/mack/utils/content_length_handler.rb:21:in `call'
	/opt/local/lib/ruby/gems/1.8/gems/mack-0.8.2/lib/gems/rack-0.4.0/lib/rack/lint.rb:45:in `_call'
	/opt/local/lib/ruby/gems/1.8/gems/mack-0.8.2/lib/gems/rack-0.4.0/lib/rack/lint.rb:33:in `call'
	/opt/local/lib/ruby/gems/1.8/gems/mack-0.8.2/lib/gems/rack-0.4.0/lib/rack/showstatus.rb:20:in `call'
	/opt/local/lib/ruby/gems/1.8/gems/mack-0.8.2/lib/gems/rack-0.4.0/lib/rack/showexceptions.rb:23:in `call'
	/opt/local/lib/ruby/gems/1.8/gems/mack-0.8.2/lib/gems/rack-0.4.0/lib/rack/recursive.rb:39:in `call'
	/opt/local/lib/ruby/gems/1.8/gems/mack-0.8.2/lib/mack/utils/reloader.rb:21:in `call'
	/opt/local/lib/ruby/gems/1.8/gems/thin-1.0.0/lib/thin/connection.rb:63:in `pre_process'
	/opt/local/lib/ruby/gems/1.8/gems/thin-1.0.0/lib/thin/connection.rb:54:in `process'
	/opt/local/lib/ruby/gems/1.8/gems/thin-1.0.0/lib/thin/connection.rb:39:in `receive_data'
	/opt/local/lib/ruby/gems/1.8/gems/eventmachine-0.12.2/lib/eventmachine.rb:231:in `run_machine'
	/opt/local/lib/ruby/gems/1.8/gems/eventmachine-0.12.2/lib/eventmachine.rb:231:in `run'
	/opt/local/lib/ruby/gems/1.8/gems/thin-1.0.0/lib/thin/backends/base.rb:57:in `start'
	/opt/local/lib/ruby/gems/1.8/gems/thin-1.0.0/lib/thin/server.rb:150:in `start'
	/opt/local/lib/ruby/gems/1.8/gems/thin-1.0.0/lib/thin/controllers/controller.rb:80:in `start'
	/opt/local/lib/ruby/gems/1.8/gems/thin-1.0.0/lib/thin/runner.rb:173:in `send'
	/opt/local/lib/ruby/gems/1.8/gems/thin-1.0.0/lib/thin/runner.rb:173:in `run_command'
	/opt/local/lib/ruby/gems/1.8/gems/thin-1.0.0/lib/thin/runner.rb:139:in `run!'
	/opt/local/lib/ruby/gems/1.8/gems/mack-0.8.2/bin/mackery-server:49
	/opt/local/bin/mackery-server:19:in `load'
	/opt/local/bin/mackery-server:19
 INFO:	[2008-12-13 18:08:54]	
	[GET] '/'
	Session ID: jwp3wcydpeeq6ljr63jlhxrmr876pnd78h4na43n
	Parameters: {:method=>:get, :format=>"html", :action=>:index, :controller=>:default}
[35m	Completed in 0.018464 (54 reqs/sec) | 404 (Not Found) [http://localhost:3000][0m
 INFO:	[2008-12-13 18:09:33]	
	[GET] '/'
	Session ID: jwp3wcydpeeq6ljr63jlhxrmr876pnd78h4na43n
	Parameters: {:method=>:get, :format=>"html", :action=>:index, :controller=>:default}
[35m	Completed in 0.012526 (80 reqs/sec) | 200 (OK) [http://localhost:3000][0m
